[INFO] Scanning for projects...
[INFO] 
[INFO] ------------------< com.resolveit:resolveit-backend >-------------------
[INFO] Building resolveit-backend 0.0.1-SNAPSHOT
[INFO]   from pom.xml
[INFO] --------------------------------[ jar ]---------------------------------
[INFO] 
[INFO] --- clean:3.4.0:clean (default-clean) @ resolveit-backend ---
[INFO] Deleting C:\Users\agrim\OneDrive\Desktop\Version 1.0\v1.0\ResolveIT\target
[INFO] 
[INFO] --- resources:3.3.1:resources (default-resources) @ resolveit-backend ---
[INFO] Copying 1 resource from src\main\resources to target\classes
[INFO] Copying 0 resource from src\main\resources to target\classes
[INFO] 
[INFO] --- compiler:3.13.0:compile (default-compile) @ resolveit-backend ---
[INFO] Recompiling the module because of changed source code.
[INFO] Compiling 51 source files with javac [forked debug parameters release 17] to target\classes
[INFO] -------------------------------------------------------------
[ERROR] COMPILATION ERROR : 
[INFO] -------------------------------------------------------------
[ERROR] C:\Users\agrim\OneDrive\Desktop\Version 1.0\v1.0\ResolveIT\src\main\java\com\resolveit\service\ComplaintService.java:[454,8] error: cannot find symbol
  symbol:   variable attachmentService
  location: class ComplaintService
[INFO] 1 error
[INFO] -------------------------------------------------------------
[INFO] ------------------------------------------------------------------------
[INFO] BUILD FAILURE
[INFO] ------------------------------------------------------------------------
[INFO] Total time:  4.122 s
[INFO] Finished at: 2026-01-17T15:33:57+05:30
[INFO] ------------------------------------------------------------------------
[ERROR] Failed to execute goal org.apache.maven.plugins:maven-compiler-plugin:3.13.0:compile (default-compile) on project resolveit-backend: Compilation failure
[ERROR] C:\Users\agrim\OneDrive\Desktop\Version 1.0\v1.0\ResolveIT\src\main\java\com\resolveit\service\ComplaintService.java:[454,8] error: cannot find symbol
[ERROR]   symbol:   variable attachmentService
[ERROR]   location: class ComplaintService
[ERROR] 
[ERROR] -> [Help 1]
[ERROR] 
[ERROR] To see the full stack trace of the errors, re-run Maven with the -e switch.
[ERROR] Re-run Maven using the -X switch to enable full debug logging.
[ERROR] 
[ERROR] For more information about the errors and possible solutions, please read the following articles:
[ERROR] [Help 1] http://cwiki.apache.org/confluence/display/MAVEN/MojoFailureException
